2018-07-25 20:11:56 ERROR  : Error connecting to the server: FATAL:  role "conrad" does not exist

2018-07-25 20:21:25 ERROR  : ERROR:  column "amgettuple" does not exist
LINE 1: ..._am WHERE EXISTS (SELECT 1 FROM pg_proc WHERE oid=amgettuple...
                                                             ^
2018-07-25 20:21:44 ERROR  : ERROR:  column "amgettuple" does not exist
LINE 1: ..._am WHERE EXISTS (SELECT 1 FROM pg_proc WHERE oid=amgettuple...
                                                             ^
2018-07-25 20:22:47 ERROR  : ERROR:  column "amgettuple" does not exist
LINE 1: ..._am WHERE EXISTS (SELECT 1 FROM pg_proc WHERE oid=amgettuple...
                                                             ^
2018-07-25 20:23:16 ERROR  : ERROR:  syntax error at or near "AND"
LINE 1: SELECT opcname FROM pg_opclass WHERE opcmethod= AND NOT opcd...
                                                        ^
2018-07-25 20:23:25 ERROR  : ERROR:  syntax error at or near "AND"
LINE 1: SELECT opcname FROM pg_opclass WHERE opcmethod= AND NOT opcd...
                                                        ^
2018-07-25 20:24:01 ERROR  : ERROR:  column "amgettuple" does not exist
LINE 1: ..._am WHERE EXISTS (SELECT 1 FROM pg_proc WHERE oid=amgettuple...
                                                             ^
2018-07-25 20:24:14 ERROR  : ERROR:  syntax error at or near "AND"
LINE 1: SELECT opcname FROM pg_opclass WHERE opcmethod= AND NOT opcd...
                                                        ^
2018-07-25 20:24:54 ERROR  : ERROR:  column "amgettuple" does not exist
LINE 1: ..._am WHERE EXISTS (SELECT 1 FROM pg_proc WHERE oid=amgettuple...
                                                             ^
2018-07-25 20:28:50 ERROR  : ERROR:  column "amgettuple" does not exist
LINE 1: ..._am WHERE EXISTS (SELECT 1 FROM pg_proc WHERE oid=amgettuple...
                                                             ^
2018-07-25 20:28:55 ERROR  : ERROR:  syntax error at or near "AND"
LINE 1: SELECT opcname FROM pg_opclass WHERE opcmethod= AND NOT opcd...
                                                        ^
2018-07-26 00:34:45 ERROR  : ERROR:  column "amgettuple" does not exist
LINE 1: ..._am WHERE EXISTS (SELECT 1 FROM pg_proc WHERE oid=amgettuple...
                                                             ^
2018-07-26 00:34:58 ERROR  : ERROR:  syntax error at or near "AND"
LINE 1: SELECT opcname FROM pg_opclass WHERE opcmethod= AND NOT opcd...
                                                        ^
2018-07-26 01:27:28 ERROR  : ERROR:  malformed array literal: "mugishaconrad"
LINE 1: ...r_id,fullnames,username,password) VALUES (DEFAULT,'mugishaco...
                                                             ^
DETAIL:  Array value must start with "{" or dimension information.
2018-07-26 01:33:55 ERROR  : ERROR:  table name "users" specified more than once
2018-07-26 02:16:51 ERROR  : ERROR:  column "min_value" does not exist
LINE 1: SELECT last_value, min_value, max_value, cache_value, is_cyc...
                           ^
2018-07-26 02:16:54 ERROR  : Column not found in pgSet: last_value
2018-07-26 02:16:56 ERROR  : Column not found in pgSet: min_value
2018-07-26 02:16:57 ERROR  : Column not found in pgSet: max_value
2018-07-26 02:16:58 ERROR  : Column not found in pgSet: cache_value
2018-07-26 02:16:58 ERROR  : Column not found in pgSet: increment_by
2018-07-26 02:16:59 ERROR  : Column not found in pgSet: is_cycled
2018-07-26 02:16:59 ERROR  : Column not found in pgSet: is_called
2018-07-26 02:16:59 ERROR  : ERROR:  column "min_value" does not exist
LINE 1: SELECT last_value, min_value, max_value, cache_value, is_cyc...
                           ^
2018-07-26 02:17:00 ERROR  : Column not found in pgSet: last_value
2018-07-26 02:17:01 ERROR  : Column not found in pgSet: min_value
2018-07-26 02:17:04 ERROR  : Column not found in pgSet: max_value
2018-07-26 02:17:04 ERROR  : Column not found in pgSet: cache_value
2018-07-26 02:17:05 ERROR  : Column not found in pgSet: increment_by
2018-07-26 02:17:05 ERROR  : Column not found in pgSet: is_cycled
2018-07-26 02:17:05 ERROR  : Column not found in pgSet: is_called
2018-07-26 11:52:41 ERROR  : ERROR:  column "conrad96" does not exist
LINE 3:     VALUES ("conrad96","mugisha conrad","12345",DEFAULT);
                    ^
2018-07-26 12:02:04 ERROR  : ERROR:  malformed array literal: "conrad96"
LINE 3:     VALUES ('conrad96','mugisha conrad','12345','1');
                    ^
DETAIL:  Array value must start with "{" or dimension information.
2018-07-26 12:02:31 ERROR  : ERROR:  syntax error at or near "{"
LINE 3:     VALUES ({'conrad96'},{'mugisha conrad'},{'12345'},{'1'})...
                    ^
2018-07-26 12:02:45 ERROR  : ERROR:  syntax error at or near "{"
LINE 3:     VALUES ({'conrad96','mugisha conrad'},{'12345'},{'1'});
                    ^
2018-07-26 12:10:23 ERROR  : ERROR:  relation "films" does not exist
LINE 1: INSERT INTO films VALUES
                    ^
2018-07-26 15:37:01 ERROR  : Error connecting to the server: could not translate host name "localhost" to address: Unknown host

2018-07-26 15:39:14 ERROR  : ERROR:  column "name" has pseudo-type cstring
2018-07-27 00:34:41 ERROR  : ERROR:  column "amgettuple" does not exist
LINE 1: ..._am WHERE EXISTS (SELECT 1 FROM pg_proc WHERE oid=amgettuple...
                                                             ^
2018-07-27 00:34:55 ERROR  : ERROR:  syntax error at or near "AND"
LINE 1: SELECT opcname FROM pg_opclass WHERE opcmethod= AND NOT opcd...
                                                        ^
